C51 COMPILER V9.60.0.0   DS1302                                                            11/06/2021 22:04:03 PAGE 1   


C51 COMPILER V9.60.0.0, COMPILATION OF MODULE DS1302
OBJECT MODULE PLACED IN .\output\DS1302.obj
COMPILER INVOKED BY: C:\Keil_v5_c51\C51\BIN\C51.EXE DS1302.C LARGE OPTIMIZE(8,SPEED) BROWSE INCDIR(.\ECBM_LIB;.\device;.
                    -\device\new_test;.\device\proj) DEBUG OBJECTEXTEND PRINT(.\output\DS1302.lst) OBJECT(.\output\DS1302.obj)

line level    source

   1          /**************************************
   2          --- STC MCU Limited -------------------
   3          --- 宏晶科技        设计 2010-6-2 -----
   4          --- Mobile: 13922805190 ---------------
   5          --- Fax: 0755-82944243 ----------------
   6          --- Tel: 0755-82948412 ----------------
   7          --- Web: www.STCMCU.com ---------------
   8          --- 演示STC 1TMCU控制DS1302 -----------
   9          --- 工作频率: 12MHz -------------------
  10          如果要在程序中使用或在文章中引用该程序
  11          请在其中注明使用了宏晶科技的资料及程序
  12          **************************************/
  13          
  14          #include "REG51.H"
  15          #include "INTRINS.H"
  16          #include "ds1302.h"
  17          
  18          
  19          sbit SCLK = P2^7;                   //DS1302时钟口P1.0
  20          sbit IO = P2^6;                     //DS1302数据口P1.1
  21          sbit RST = P2^5;                    //DS1302片选口P1.2
  22          
  23          //秒    分    时    日    月  星期    年
  24          BYTE data init[] = {00, 1, 10,4, 1, 0x05, 20};
  25          BYTE data now[7];
  26          int IntToBcd(BYTE d);
  27          
  28          /**************************************
  29          延时X微秒(STC12C5A60S2@12M)
  30          不同的工作环境,需要调整此函数
  31          此延时函数是使用1T的指令周期进行计算,与传统的12T的MCU不同
  32          **************************************/
  33          void Delay()
  34          {
  35   1          _nop_();
  36   1          _nop_();
  37   1      }
  38          
  39          /**************************************
  40          从DS1302读1字节数据
  41          **************************************/
  42          BYTE DS1302_ReadByte()
  43          {
  44   1          BYTE i;
  45   1          BYTE dat = 0;
  46   1      
  47   1          for (i=0; i<8; i++)             //8位计数器
  48   1          {
  49   2              SCLK = 0;                   //时钟线拉低
  50   2              Delay();                //延时等待
  51   2              dat >>= 1;                      //数据右移一位
  52   2              if (IO) dat |= 0x80;        //读取数据
  53   2              SCLK = 1;                   //时钟线拉高
  54   2              Delay();                //延时等待
C51 COMPILER V9.60.0.0   DS1302                                                            11/06/2021 22:04:03 PAGE 2   

  55   2          }
  56   1      
  57   1          return dat;
  58   1      }
  59          
  60          /**************************************
  61          向DS1302写1字节数据
  62          **************************************/
  63          void DS1302_WriteByte(BYTE dat)
  64          {
  65   1          char i;
  66   1      
  67   1          for (i=0; i<8; i++)             //8位计数器
  68   1          {
  69   2              SCLK = 0;                   //时钟线拉低
  70   2              Delay();                //延时等待
  71   2              dat >>= 1;                  //移出数据
  72   2              IO = CY;                    //送出到端口
  73   2              SCLK = 1;                   //时钟线拉高
  74   2              Delay();                //延时等待
  75   2          }
  76   1      }
  77          
  78          /**************************************
  79          读DS1302某地址的的数据
  80          **************************************/
  81          BYTE DS1302_ReadData(BYTE addr)
  82          {
  83   1          BYTE dat;
  84   1      
  85   1          RST = 0;
  86   1          Delay();
  87   1          SCLK = 0;
  88   1          Delay();
  89   1          RST = 1;
  90   1          Delay();
  91   1          DS1302_WriteByte(addr);         //写地址
  92   1          dat = DS1302_ReadByte();        //读数据
  93   1          SCLK = 1;
  94   1          RST = 0;
  95   1      
  96   1          return dat;
  97   1      }
  98          
  99          /**************************************
 100          往DS1302的某个地址写入数据
 101          **************************************/
 102          void DS1302_WriteData(BYTE addr, BYTE dat)
 103          {
 104   1          RST = 0;
 105   1          Delay();
 106   1          SCLK = 0;
 107   1          Delay();
 108   1          RST = 1;
 109   1          Delay();
 110   1          DS1302_WriteByte(addr);         //写地址
 111   1          DS1302_WriteByte(dat);          //写数据
 112   1          SCLK = 1;
 113   1          RST = 0;
 114   1      }
 115          
 116          /**************************************
C51 COMPILER V9.60.0.0   DS1302                                                            11/06/2021 22:04:03 PAGE 3   

 117          写入初始时间
 118          **************************************/
 119          void DS1302_SetTime(BYTE *p)
 120          {
 121   1          BYTE addr = 0x80;
 122   1          BYTE n = 7;
 123   1      
 124   1          DS1302_WriteData(0x8e, 0x00);   //允许写操作
 125   1          while (n--)
 126   1          {
 127   2              DS1302_WriteData(addr, IntToBcd(*p++));
 128   2              addr += 2;
 129   2          }
 130   1          DS1302_WriteData(0x8e, 0x80);   //写保护
 131   1      }
 132          int BcdToInt(BYTE bcd)
 133          {
 134   1          int k = 0 ;
 135   1          k = bcd>>4;
 136   1          k = k*10;
 137   1          k = k+(bcd&0x0f);
 138   1          return k;
 139   1      }
 140          
 141          int IntToBcd(BYTE d)
 142          {
 143   1          BYTE c = 0 ;
 144   1          c = (d/10)<<4;
 145   1          c|=(d%10);
 146   1          return c;
 147   1      }
 148          /**************************************
 149          读取当前时间
 150          **************************************/
 151          void DS1302_GetTime(BYTE *p)
 152          {
 153   1          BYTE addr = 0x81;
 154   1          BYTE n = 7;
 155   1      
 156   1          while (n--)
 157   1          {
 158   2              *p++ = BcdToInt(DS1302_ReadData(addr));
 159   2              addr += 2;
 160   2          }
 161   1      }
 162          
 163          /**************************************
 164          初始化DS1302
 165          **************************************/
 166          void DS1302_Initial()
 167          {
 168   1          RST = 0;
 169   1          SCLK = 0;
 170   1          DS1302_WriteData(0x8e, 0x00);   //允许写操作
 171   1          DS1302_WriteData(0x80, 0x00);   //时钟启动
 172   1          DS1302_WriteData(0x90, 0xa6);   //一个二极管＋4K电阻充电
 173   1          DS1302_WriteData(0x8e, 0x80);   //写保护
 174   1      }


MODULE INFORMATION:   STATIC OVERLAYABLE
   CODE SIZE        =    351    ----
C51 COMPILER V9.60.0.0   DS1302                                                            11/06/2021 22:04:03 PAGE 4   

   CONSTANT SIZE    =   ----    ----
   XDATA SIZE       =   ----      10
   PDATA SIZE       =   ----    ----
   DATA SIZE        =     14    ----
   IDATA SIZE       =   ----    ----
   BIT SIZE         =   ----    ----
END OF MODULE INFORMATION.


C51 COMPILATION COMPLETE.  0 WARNING(S),  0 ERROR(S)
