C51 COMPILER V9.60.0.0   MDU16                                                             11/01/2021 17:43:39 PAGE 1   


C51 COMPILER V9.60.0.0, COMPILATION OF MODULE MDU16
OBJECT MODULE PLACED IN .\output\mdu16.obj
COMPILER INVOKED BY: C:\Keil_v5_c51\C51\BIN\C51.EXE ECBM_LIB\mdu16.c LARGE OPTIMIZE(8,SPEED) BROWSE INCDIR(.\ECBM_LIB;.\
                    -device;.\device\new_test;.\device\proj) DEBUG OBJECTEXTEND PRINT(.\output\mdu16.lst) OBJECT(.\output\mdu16.obj)

line level    source

   1          #include "ecbm_core.h"//统一加载核心头文件
   2          #if ECBM_MDU16_LIB_EN //检查本库有没有被使能
   3          /*------------------------------------资源冲突警告---------------------------------*/
   4          #if (((ECBM_MCU&0xF00000)<=0x200000)&&(ECBM_MCU!=0x2815C4))
   5          #error 该单片机没有MDU16！
*** ERROR C320 IN LINE 5 OF ECBM_LIB\mdu16.c: 该单片机没有MDU16！
   6          #endif
   7          /*--------------------------------------程序定义-----------------------------------*/
   8          /*-------------------------------------------------------
   9          32位除16位除法函数。
  10          -------------------------------------------------------*/
  11          u8 div32(u32 * num1,u16 * num2){
  12   1          MDU16_RESET;                //复位乘除单元。
  13   1          MDU16_SET_32DIV;            //32位除法。
  14   1          MD3MD2MD1MD0=*num1;         //装填被除数。
  15   1          MD5MD4      =*num2;         //装填除数。
  16   1          MDU16_START;                //开始计算。
  17   1          while(MDU16_GET_END_FLAG);  //等待计算完成。
  18   1          *num1=MD3MD2MD1MD0;         //返回商。
  19   1          *num2=MD5MD4;               //返回余数
  20   1          return MDU16_GET_MDOV_FLAG; //返回计算状态。
  21   1      }
  22          /*-------------------------------------------------------
  23          16位除16位除法函数。
  24          -------------------------------------------------------*/
  25          u8 div16(u16 * num1,u16 * num2){
  26   1          MDU16_RESET;                //复位乘除单元。
  27   1          MDU16_SET_16DIV;            //16位除法。
  28   1          MD1MD0 =*num1;              //装填被除数。
  29   1          MD5MD4 =*num2;              //装填除数。
  30   1          MDU16_START;                //开始计算。
  31   1          while(MDU16_GET_END_FLAG);  //等待计算完成。
  32   1          *num1=MD1MD0;               //返回商。
  33   1          *num2=MD5MD4;               //返回余数
  34   1          return MDU16_GET_MDOV_FLAG; //返回计算状态。
  35   1      }
  36          /*-------------------------------------------------------
  37          16位乘16位除法函数。
  38          -------------------------------------------------------*/
  39          u8 mul16(u16 num1,u16 num2,u32 * num3){
  40   1          MDU16_RESET;                //复位乘除单元。
  41   1          MDU16_SET_16MUL;            //16位乘法。
  42   1          MD1MD0 =num1;               //装填被乘数。
  43   1          MD5MD4 =num2;               //装填乘数。
  44   1          MDU16_START;                //开始计算。
  45   1          while(MDU16_GET_END_FLAG);  //等待计算完成。
  46   1          *num3=MD3MD2MD1MD0;         //返回商。
  47   1          return MDU16_GET_MDOV_FLAG; //返回计算状态。
  48   1      }
  49          #endif  //和最上面的#ifndef配合成一个程序段。
  50                  //以一个空行为结尾。

C51 COMPILATION COMPLETE.  0 WARNING(S),  1 ERROR(S)
